<?xml version="1.0" encoding="UTF-8"?>
<!-- Generated by org.testng.reporters.JUnitReportReporter -->
<testsuite hostname="Chakapans-MacBook-Pro.local" failures="0" tests="4" name="tests.TestDemo" time="31.094" errors="0" timestamp="2022-12-07T05:09:15 EST" skipped="1">
  <testcase classname="tests.TestDemo" name="addToWishListFromProductDetailPage" time="10.397"/>
  <system-out/>
  <testcase classname="tests.TestDemo" name="addToWishListByHoverProduct" time="8.816"/>
  <system-out/>
  <testcase classname="tests.TestDemo" name="removeAllWishList" time="11.881"/>
  <system-out/>
  <testcase classname="tests.TestDemo" name="addToWishListBeforeSuccessfullyLogIn">
    <skipped/>
  </testcase> <!-- addToWishListBeforeSuccessfullyLogIn -->
  <system-out/>
</testsuite> <!-- tests.TestDemo -->
