<?xml version="1.0" encoding="UTF-8"?>
<!-- Generated by org.testng.reporters.JUnitReportReporter -->
<testsuite hostname="Chakapans-MacBook-Pro.local" failures="0" tests="7" name="tests.TestAddToWishListFunctionality" time="78.274" errors="0" timestamp="2022-12-07T15:00:17 EST" skipped="0">
  <testcase classname="tests.TestAddToWishListFunctionality" name="addToWishListBeforeSuccessfullyLogIn" time="9.724"/>
  <system-out/>
  <testcase classname="tests.TestAddToWishListFunctionality" name="removeAllWishListBeforeStartTest" time="9.391"/>
  <system-out/>
  <testcase classname="tests.TestAddToWishListFunctionality" name="addToWishListFromProductDetailPage" time="10.133"/>
  <system-out/>
  <testcase classname="tests.TestAddToWishListFunctionality" name="addToWishListByHoverProduct" time="8.967"/>
  <system-out/>
  <testcase classname="tests.TestAddToWishListFunctionality" name="removeAllWishList" time="10.765"/>
  <system-out/>
  <testcase classname="tests.TestAddToWishListFunctionality" name="addMoreThanOneToWishListByHoverProduct" time="22.397"/>
  <system-out/>
  <testcase classname="tests.TestAddToWishListFunctionality" name="updateWishList" time="6.897"/>
  <system-out/>
</testsuite> <!-- tests.TestAddToWishListFunctionality -->
