<?xml version="1.0" encoding="UTF-8"?>
<!-- Generated by org.testng.reporters.JUnitReportReporter -->
<testsuite hostname="Chakapans-MacBook-Pro.local" failures="0" tests="1" name="tests.TestSample" time="0.011" errors="0" timestamp="2022-12-06T20:56:01 EST" skipped="0">
  <testcase classname="tests.TestSample" name="logIn" time="0.011"/>
  <system-out/>
</testsuite> <!-- tests.TestSample -->
